<?xml version="1.0" encoding="UTF-8"?>
<!-- Generated by org.testng.reporters.JUnitXMLReporter -->
<testsuite ignored="0" hostname="LAPTOP-PVF3C24O" failures="1" tests="1" name="Test" time="29.984" errors="0" timestamp="2022-02-22T15:03:13 IST">
  <testcase classname="com.tms.tests.CoursePageTest" name="AddnewCourseRecordTest" time="9.456">
    <failure type="java.lang.AssertionError" message="expected [Courses List - TMS] but found [Add Course - TMS]">
      <![CDATA[java.lang.AssertionError: expected [Courses List - TMS] but found [Add Course - TMS]
at com.tms.tests.CoursePageTest.AddnewCourseRecordTest(CoursePageTest.java:48)
at java.base/java.util.concurrent.FutureTask.run(FutureTask.java:264)
at java.base/java.util.concurrent.Executors$RunnableAdapter.call(Executors.java:515)
at java.base/java.util.concurrent.FutureTask.run(FutureTask.java:264)
at java.base/java.util.concurrent.ThreadPoolExecutor.runWorker(ThreadPoolExecutor.java:1128)
at java.base/java.util.concurrent.ThreadPoolExecutor$Worker.run(ThreadPoolExecutor.java:628)
at java.base/java.lang.Thread.run(Thread.java:834)
... Removed 15 stack frames]]>
    </failure>
  </testcase> <!-- AddnewCourseRecordTest -->
</testsuite> <!-- Test -->
